<?xml version="1.0" encoding="UTF-8"?>
<!-- Generated by org.testng.reporters.JUnitReportReporter -->
<testsuite hostname="DELL-C0HKRC2" failures="0" tests="2" name="Edit.EducacionIT04May2022.Laboratorio6" time="-1653694720.000" errors="1" timestamp="2022-05-27T20:36:48 ART" skipped="1">
  <testcase classname="Edit.EducacionIT04May2022.Laboratorio6" name="irAContactanos" time="0.000">
    <skipped/>
  </testcase> <!-- irAContactanos -->
  <system-out/>
  <testcase classname="Edit.EducacionIT04May2022.Laboratorio6" name="abrirPagina" time="-1653694720.000">
    <error message="
Parameter &#039;navegador&#039; is required by BeforeTest on method abrirPagina but has not been marked @Optional or defined
in C:\Users\BairesDev\AppData\Local\Temp\testng-eclipse--389776275\testng-customsuite.xml" type="org.testng.TestNGException">
      <![CDATA[org.testng.TestNGException: 
Parameter 'navegador' is required by BeforeTest on method abrirPagina but has not been marked @Optional or defined
in C:\Users\BairesDev\AppData\Local\Temp\testng-eclipse--389776275\testng-customsuite.xml
at org.testng.internal.Parameters.createParams(Parameters.java:267)
at org.testng.internal.Parameters.createParametersForMethod(Parameters.java:355)
at org.testng.internal.Parameters.createParameters(Parameters.java:660)
at org.testng.internal.Parameters.createConfigurationParameters(Parameters.java:166)
at org.testng.internal.invokers.ConfigInvoker.invokeConfigurations(ConfigInvoker.java:300)
at org.testng.TestRunner.invokeTestConfigurations(TestRunner.java:645)
at org.testng.TestRunner.beforeRun(TestRunner.java:634)
at org.testng.TestRunner.run(TestRunner.java:596)
at org.testng.SuiteRunner.runTest(SuiteRunner.java:429)
at org.testng.SuiteRunner.runSequentially(SuiteRunner.java:423)
at org.testng.SuiteRunner.privateRun(SuiteRunner.java:383)
at org.testng.SuiteRunner.run(SuiteRunner.java:326)
at org.testng.SuiteRunnerWorker.runSuite(SuiteRunnerWorker.java:52)
at org.testng.SuiteRunnerWorker.run(SuiteRunnerWorker.java:95)
at org.testng.TestNG.runSuitesSequentially(TestNG.java:1249)
at org.testng.TestNG.runSuitesLocally(TestNG.java:1169)
at org.testng.TestNG.runSuites(TestNG.java:1092)
at org.testng.TestNG.run(TestNG.java:1060)
at org.testng.remote.AbstractRemoteTestNG.run(AbstractRemoteTestNG.java:115)
at org.testng.remote.RemoteTestNG.initAndRun(RemoteTestNG.java:251)
at org.testng.remote.RemoteTestNG.main(RemoteTestNG.java:77)
]]>
    </error>
  </testcase> <!-- abrirPagina -->
  <system-out/>
</testsuite> <!-- Edit.EducacionIT04May2022.Laboratorio6 -->
